{"C:\\Users\\legion\\Desktop\\LAB5\\src\\js\\cart.js": {"path":"C:\\Users\\legion\\Desktop\\LAB5\\src\\js\\cart.js","statementMap":{"0":{"start":{"line":4,"column":18},"end":{"line":6,"column":8}},"1":{"start":{"line":10,"column":23},"end":{"line":10,"column":34}},"2":{"start":{"line":11,"column":4},"end":{"line":11,"column":73}},"3":{"start":{"line":13,"column":4},"end":{"line":94,"column":5}},"4":{"start":{"line":14,"column":25},"end":{"line":14,"column":56}},"5":{"start":{"line":15,"column":8},"end":{"line":15,"column":32}},"6":{"start":{"line":17,"column":8},"end":{"line":17,"column":62}},"7":{"start":{"line":19,"column":23},"end":{"line":19,"column":24}},"8":{"start":{"line":23,"column":8},"end":{"line":68,"column":9}},"9":{"start":{"line":24,"column":28},"end":{"line":24,"column":75}},"10":{"start":{"line":24,"column":52},"end":{"line":24,"column":74}},"11":{"start":{"line":25,"column":27},"end":{"line":27,"column":32}},"12":{"start":{"line":29,"column":12},"end":{"line":29,"column":61}},"13":{"start":{"line":30,"column":12},"end":{"line":42,"column":13}},"14":{"start":{"line":32,"column":20},"end":{"line":32,"column":40}},"15":{"start":{"line":33,"column":20},"end":{"line":33,"column":26}},"16":{"start":{"line":36,"column":20},"end":{"line":36,"column":40}},"17":{"start":{"line":37,"column":20},"end":{"line":37,"column":26}},"18":{"start":{"line":40,"column":20},"end":{"line":40,"column":40}},"19":{"start":{"line":41,"column":20},"end":{"line":41,"column":26}},"20":{"start":{"line":44,"column":28},"end":{"line":44,"column":66}},"21":{"start":{"line":46,"column":12},"end":{"line":46,"column":74}},"22":{"start":{"line":47,"column":12},"end":{"line":49,"column":36}},"23":{"start":{"line":50,"column":12},"end":{"line":51,"column":35}},"24":{"start":{"line":52,"column":12},"end":{"line":59,"column":19}},"25":{"start":{"line":55,"column":20},"end":{"line":57,"column":44}},"26":{"start":{"line":58,"column":20},"end":{"line":58,"column":33}},"27":{"start":{"line":60,"column":12},"end":{"line":65,"column":19}},"28":{"start":{"line":63,"column":20},"end":{"line":63,"column":41}},"29":{"start":{"line":64,"column":20},"end":{"line":64,"column":33}},"30":{"start":{"line":67,"column":12},"end":{"line":67,"column":38}},"31":{"start":{"line":70,"column":8},"end":{"line":70,"column":34}},"32":{"start":{"line":71,"column":8},"end":{"line":71,"column":36}},"33":{"start":{"line":73,"column":8},"end":{"line":78,"column":11}},"34":{"start":{"line":79,"column":8},"end":{"line":84,"column":11}},"35":{"start":{"line":85,"column":8},"end":{"line":90,"column":11}},"36":{"start":{"line":92,"column":8},"end":{"line":92,"column":65}},"37":{"start":{"line":93,"column":8},"end":{"line":93,"column":61}},"38":{"start":{"line":98,"column":0},"end":{"line":102,"column":3}},"39":{"start":{"line":99,"column":4},"end":{"line":101,"column":5}},"40":{"start":{"line":100,"column":8},"end":{"line":100,"column":57}},"41":{"start":{"line":103,"column":0},"end":{"line":108,"column":6}},"42":{"start":{"line":107,"column":15},"end":{"line":107,"column":67}},"43":{"start":{"line":110,"column":0},"end":{"line":110,"column":13}},"44":{"start":{"line":114,"column":4},"end":{"line":114,"column":14}},"45":{"start":{"line":115,"column":4},"end":{"line":115,"column":58}},"46":{"start":{"line":116,"column":4},"end":{"line":116,"column":31}},"47":{"start":{"line":117,"column":4},"end":{"line":117,"column":17}},"48":{"start":{"line":118,"column":4},"end":{"line":118,"column":17}},"49":{"start":{"line":121,"column":0},"end":{"line":121,"column":77}},"50":{"start":{"line":124,"column":4},"end":{"line":124,"column":17}}},"fnMap":{"0":{"name":"updateCart","decl":{"start":{"line":8,"column":22},"end":{"line":8,"column":32}},"loc":{"start":{"line":8,"column":35},"end":{"line":95,"column":1}},"line":8},"1":{"name":"(anonymous_1)","decl":{"start":{"line":24,"column":44},"end":{"line":24,"column":45}},"loc":{"start":{"line":24,"column":52},"end":{"line":24,"column":74}},"line":24},"2":{"name":"(anonymous_2)","decl":{"start":{"line":54,"column":43},"end":{"line":54,"column":44}},"loc":{"start":{"line":54,"column":49},"end":{"line":59,"column":17}},"line":54},"3":{"name":"(anonymous_3)","decl":{"start":{"line":62,"column":43},"end":{"line":62,"column":44}},"loc":{"start":{"line":62,"column":49},"end":{"line":65,"column":17}},"line":62},"4":{"name":"(anonymous_4)","decl":{"start":{"line":98,"column":66},"end":{"line":98,"column":67}},"loc":{"start":{"line":98,"column":72},"end":{"line":102,"column":1}},"line":98},"5":{"name":"(anonymous_5)","decl":{"start":{"line":107,"column":8},"end":{"line":107,"column":9}},"loc":{"start":{"line":107,"column":15},"end":{"line":107,"column":67}},"line":107},"6":{"name":"doTask","decl":{"start":{"line":113,"column":16},"end":{"line":113,"column":22}},"loc":{"start":{"line":113,"column":25},"end":{"line":119,"column":1}},"line":113},"7":{"name":"setCart","decl":{"start":{"line":123,"column":16},"end":{"line":123,"column":23}},"loc":{"start":{"line":123,"column":31},"end":{"line":125,"column":1}},"line":123}},"branchMap":{"0":{"loc":{"start":{"line":4,"column":18},"end":{"line":6,"column":8}},"type":"cond-expr","locations":[{"start":{"line":5,"column":6},"end":{"line":5,"column":49}},{"start":{"line":6,"column":6},"end":{"line":6,"column":8}}],"line":4},"1":{"loc":{"start":{"line":13,"column":4},"end":{"line":94,"column":5}},"type":"if","locations":[{"start":{"line":13,"column":4},"end":{"line":94,"column":5}},{"start":{"line":13,"column":4},"end":{"line":94,"column":5}}],"line":13},"2":{"loc":{"start":{"line":30,"column":12},"end":{"line":42,"column":13}},"type":"switch","locations":[{"start":{"line":31,"column":16},"end":{"line":33,"column":26}},{"start":{"line":35,"column":16},"end":{"line":37,"column":26}},{"start":{"line":39,"column":16},"end":{"line":41,"column":26}}],"line":30},"3":{"loc":{"start":{"line":55,"column":20},"end":{"line":57,"column":43}},"type":"cond-expr","locations":[{"start":{"line":56,"column":26},"end":{"line":56,"column":46}},{"start":{"line":57,"column":26},"end":{"line":57,"column":43}}],"line":55},"4":{"loc":{"start":{"line":99,"column":4},"end":{"line":101,"column":5}},"type":"if","locations":[{"start":{"line":99,"column":4},"end":{"line":101,"column":5}},{"start":{"line":99,"column":4},"end":{"line":101,"column":5}}],"line":99}},"s":{"0":1,"1":9,"2":9,"3":9,"4":6,"5":6,"6":6,"7":6,"8":6,"9":16,"10":26,"11":16,"12":16,"13":16,"14":5,"15":5,"16":5,"17":5,"18":6,"19":6,"20":16,"21":16,"22":16,"23":16,"24":16,"25":1,"26":1,"27":16,"28":1,"29":1,"30":16,"31":6,"32":6,"33":6,"34":6,"35":6,"36":3,"37":3,"38":1,"39":1,"40":1,"41":1,"42":0,"43":1,"44":1,"45":1,"46":1,"47":1,"48":1,"49":1,"50":11},"f":{"0":9,"1":26,"2":1,"3":1,"4":1,"5":0,"6":1,"7":11},"b":{"0":[0,1],"1":[6,3],"2":[5,5,6],"3":[1,0],"4":[1,0]},"_coverageSchema":"1a1c01bbd47fc00a2c39e90264f33305004495a9","hash":"c5d9156263ea1bbed502d0921257bea2568355c2"}
,"C:\\Users\\legion\\Desktop\\LAB5\\src\\js\\order.js": {"path":"C:\\Users\\legion\\Desktop\\LAB5\\src\\js\\order.js","statementMap":{"0":{"start":{"line":4,"column":4},"end":{"line":4,"column":23}},"1":{"start":{"line":5,"column":15},"end":{"line":5,"column":52}},"2":{"start":{"line":6,"column":18},"end":{"line":6,"column":58}},"3":{"start":{"line":7,"column":15},"end":{"line":7,"column":52}},"4":{"start":{"line":8,"column":16},"end":{"line":8,"column":54}},"5":{"start":{"line":9,"column":16},"end":{"line":9,"column":54}},"6":{"start":{"line":10,"column":4},"end":{"line":28,"column":5}},"7":{"start":{"line":11,"column":8},"end":{"line":11,"column":44}},"8":{"start":{"line":12,"column":8},"end":{"line":12,"column":21}},"9":{"start":{"line":13,"column":11},"end":{"line":28,"column":5}},"10":{"start":{"line":14,"column":8},"end":{"line":14,"column":47}},"11":{"start":{"line":15,"column":8},"end":{"line":15,"column":21}},"12":{"start":{"line":16,"column":11},"end":{"line":28,"column":5}},"13":{"start":{"line":17,"column":8},"end":{"line":17,"column":44}},"14":{"start":{"line":18,"column":8},"end":{"line":18,"column":21}},"15":{"start":{"line":19,"column":11},"end":{"line":28,"column":5}},"16":{"start":{"line":20,"column":8},"end":{"line":20,"column":45}},"17":{"start":{"line":21,"column":8},"end":{"line":21,"column":21}},"18":{"start":{"line":22,"column":11},"end":{"line":28,"column":5}},"19":{"start":{"line":26,"column":8},"end":{"line":26,"column":50}},"20":{"start":{"line":27,"column":8},"end":{"line":27,"column":21}},"21":{"start":{"line":29,"column":4},"end":{"line":76,"column":5}},"22":{"start":{"line":31,"column":17},"end":{"line":31,"column":49}},"23":{"start":{"line":32,"column":21},"end":{"line":32,"column":23}},"24":{"start":{"line":34,"column":8},"end":{"line":36,"column":11}},"25":{"start":{"line":35,"column":12},"end":{"line":35,"column":38}},"26":{"start":{"line":37,"column":8},"end":{"line":45,"column":11}},"27":{"start":{"line":46,"column":8},"end":{"line":46,"column":20}},"28":{"start":{"line":48,"column":25},"end":{"line":48,"column":38}},"29":{"start":{"line":49,"column":21},"end":{"line":49,"column":45}},"30":{"start":{"line":50,"column":8},"end":{"line":50,"column":42}},"31":{"start":{"line":51,"column":8},"end":{"line":53,"column":53}},"32":{"start":{"line":55,"column":8},"end":{"line":57,"column":67}},"33":{"start":{"line":58,"column":8},"end":{"line":60,"column":55}},"34":{"start":{"line":61,"column":8},"end":{"line":63,"column":58}},"35":{"start":{"line":64,"column":8},"end":{"line":66,"column":55}},"36":{"start":{"line":67,"column":8},"end":{"line":69,"column":56}},"37":{"start":{"line":70,"column":8},"end":{"line":70,"column":26}},"38":{"start":{"line":72,"column":8},"end":{"line":72,"column":26}},"39":{"start":{"line":73,"column":25},"end":{"line":73,"column":38}},"40":{"start":{"line":74,"column":21},"end":{"line":74,"column":45}},"41":{"start":{"line":75,"column":8},"end":{"line":75,"column":44}},"42":{"start":{"line":80,"column":4},"end":{"line":80,"column":64}},"43":{"start":{"line":84,"column":4},"end":{"line":84,"column":65}},"44":{"start":{"line":88,"column":4},"end":{"line":88,"column":67}},"45":{"start":{"line":92,"column":4},"end":{"line":92,"column":66}},"46":{"start":{"line":96,"column":4},"end":{"line":96,"column":40}},"47":{"start":{"line":99,"column":0},"end":{"line":99,"column":72}},"48":{"start":{"line":100,"column":0},"end":{"line":102,"column":43}}},"fnMap":{"0":{"name":"validateForm","decl":{"start":{"line":3,"column":15},"end":{"line":3,"column":27}},"loc":{"start":{"line":3,"column":31},"end":{"line":77,"column":1}},"line":3},"1":{"name":"(anonymous_1)","decl":{"start":{"line":34,"column":60},"end":{"line":34,"column":61}},"loc":{"start":{"line":34,"column":71},"end":{"line":36,"column":9}},"line":34},"2":{"name":"closeOrder","decl":{"start":{"line":79,"column":16},"end":{"line":79,"column":26}},"loc":{"start":{"line":79,"column":29},"end":{"line":81,"column":1}},"line":79},"3":{"name":"showOrder","decl":{"start":{"line":83,"column":9},"end":{"line":83,"column":18}},"loc":{"start":{"line":83,"column":21},"end":{"line":85,"column":1}},"line":83},"4":{"name":"showServerError","decl":{"start":{"line":87,"column":16},"end":{"line":87,"column":31}},"loc":{"start":{"line":87,"column":34},"end":{"line":89,"column":1}},"line":87},"5":{"name":"hideServerError","decl":{"start":{"line":91,"column":9},"end":{"line":91,"column":24}},"loc":{"start":{"line":91,"column":27},"end":{"line":93,"column":1}},"line":91},"6":{"name":"isEmpty","decl":{"start":{"line":95,"column":16},"end":{"line":95,"column":23}},"loc":{"start":{"line":95,"column":30},"end":{"line":97,"column":1}},"line":95}},"branchMap":{"0":{"loc":{"start":{"line":10,"column":4},"end":{"line":28,"column":5}},"type":"if","locations":[{"start":{"line":10,"column":4},"end":{"line":28,"column":5}},{"start":{"line":10,"column":4},"end":{"line":28,"column":5}}],"line":10},"1":{"loc":{"start":{"line":13,"column":11},"end":{"line":28,"column":5}},"type":"if","locations":[{"start":{"line":13,"column":11},"end":{"line":28,"column":5}},{"start":{"line":13,"column":11},"end":{"line":28,"column":5}}],"line":13},"2":{"loc":{"start":{"line":16,"column":11},"end":{"line":28,"column":5}},"type":"if","locations":[{"start":{"line":16,"column":11},"end":{"line":28,"column":5}},{"start":{"line":16,"column":11},"end":{"line":28,"column":5}}],"line":16},"3":{"loc":{"start":{"line":19,"column":11},"end":{"line":28,"column":5}},"type":"if","locations":[{"start":{"line":19,"column":11},"end":{"line":28,"column":5}},{"start":{"line":19,"column":11},"end":{"line":28,"column":5}}],"line":19},"4":{"loc":{"start":{"line":22,"column":11},"end":{"line":28,"column":5}},"type":"if","locations":[{"start":{"line":22,"column":11},"end":{"line":28,"column":5}},{"start":{"line":22,"column":11},"end":{"line":28,"column":5}}],"line":22},"5":{"loc":{"start":{"line":96,"column":11},"end":{"line":96,"column":39}},"type":"binary-expr","locations":[{"start":{"line":96,"column":11},"end":{"line":96,"column":24}},{"start":{"line":96,"column":28},"end":{"line":96,"column":39}}],"line":96}},"s":{"0":6,"1":6,"2":6,"3":6,"4":6,"5":6,"6":6,"7":1,"8":1,"9":5,"10":1,"11":1,"12":4,"13":1,"14":1,"15":3,"16":1,"17":1,"18":2,"19":1,"20":1,"21":1,"22":1,"23":1,"24":1,"25":0,"26":1,"27":1,"28":1,"29":1,"30":1,"31":1,"32":1,"33":1,"34":1,"35":1,"36":1,"37":1,"38":0,"39":0,"40":0,"41":0,"42":1,"43":1,"44":1,"45":1,"46":21,"47":1,"48":1},"f":{"0":6,"1":0,"2":1,"3":1,"4":1,"5":1,"6":21},"b":{"0":[1,5],"1":[1,4],"2":[1,3],"3":[1,2],"4":[1,1],"5":[21,20]},"_coverageSchema":"1a1c01bbd47fc00a2c39e90264f33305004495a9","hash":"3485fca113692c9fae25227ad0e45622d494ac64"}
,"C:\\Users\\legion\\Desktop\\LAB5\\src\\js\\script.js": {"path":"C:\\Users\\legion\\Desktop\\LAB5\\src\\js\\script.js","statementMap":{"0":{"start":{"line":1,"column":26},"end":{"line":6,"column":1}},"1":{"start":{"line":2,"column":4},"end":{"line":2,"column":65}},"2":{"start":{"line":3,"column":4},"end":{"line":5,"column":12}},"3":{"start":{"line":4,"column":8},"end":{"line":4,"column":74}},"4":{"start":{"line":8,"column":0},"end":{"line":14,"column":7}},"5":{"start":{"line":13,"column":8},"end":{"line":13,"column":51}},"6":{"start":{"line":16,"column":0},"end":{"line":23,"column":3}},"7":{"start":{"line":17,"column":4},"end":{"line":22,"column":7}},"8":{"start":{"line":18,"column":8},"end":{"line":20,"column":42}},"9":{"start":{"line":21,"column":8},"end":{"line":21,"column":39}},"10":{"start":{"line":25,"column":12},"end":{"line":25,"column":42}},"11":{"start":{"line":26,"column":0},"end":{"line":26,"column":50}},"12":{"start":{"line":28,"column":0},"end":{"line":28,"column":52}},"13":{"start":{"line":29,"column":0},"end":{"line":65,"column":5}},"14":{"start":{"line":30,"column":12},"end":{"line":30,"column":42}},"15":{"start":{"line":31,"column":14},"end":{"line":31,"column":32}},"16":{"start":{"line":32,"column":13},"end":{"line":32,"column":20}},"17":{"start":{"line":33,"column":18},"end":{"line":33,"column":29}},"18":{"start":{"line":34,"column":18},"end":{"line":34,"column":30}},"19":{"start":{"line":35,"column":17},"end":{"line":35,"column":19}},"20":{"start":{"line":36,"column":20},"end":{"line":36,"column":30}},"21":{"start":{"line":37,"column":14},"end":{"line":37,"column":15}},"22":{"start":{"line":38,"column":15},"end":{"line":38,"column":17}},"23":{"start":{"line":39,"column":15},"end":{"line":39,"column":17}},"24":{"start":{"line":43,"column":4},"end":{"line":64,"column":12}},"25":{"start":{"line":44,"column":8},"end":{"line":44,"column":14}},"26":{"start":{"line":45,"column":8},"end":{"line":45,"column":54}},"27":{"start":{"line":46,"column":8},"end":{"line":63,"column":9}},"28":{"start":{"line":47,"column":12},"end":{"line":47,"column":28}},"29":{"start":{"line":48,"column":12},"end":{"line":48,"column":63}},"30":{"start":{"line":49,"column":12},"end":{"line":53,"column":13}},"31":{"start":{"line":50,"column":16},"end":{"line":50,"column":38}},"32":{"start":{"line":51,"column":16},"end":{"line":51,"column":61}},"33":{"start":{"line":52,"column":16},"end":{"line":52,"column":61}},"34":{"start":{"line":54,"column":12},"end":{"line":61,"column":14}},"35":{"start":{"line":62,"column":12},"end":{"line":62,"column":23}},"36":{"start":{"line":67,"column":0},"end":{"line":67,"column":53}},"37":{"start":{"line":71,"column":4},"end":{"line":71,"column":58}},"38":{"start":{"line":71,"column":22},"end":{"line":71,"column":49}}},"fnMap":{"0":{"name":"(anonymous_0)","decl":{"start":{"line":1,"column":26},"end":{"line":1,"column":27}},"loc":{"start":{"line":1,"column":32},"end":{"line":6,"column":1}},"line":1},"1":{"name":"(anonymous_1)","decl":{"start":{"line":3,"column":15},"end":{"line":3,"column":16}},"loc":{"start":{"line":3,"column":21},"end":{"line":5,"column":5}},"line":3},"2":{"name":"(anonymous_2)","decl":{"start":{"line":12,"column":13},"end":{"line":12,"column":14}},"loc":{"start":{"line":12,"column":21},"end":{"line":14,"column":5}},"line":12},"3":{"name":"(anonymous_3)","decl":{"start":{"line":16,"column":54},"end":{"line":16,"column":55}},"loc":{"start":{"line":16,"column":62},"end":{"line":23,"column":1}},"line":16},"4":{"name":"(anonymous_4)","decl":{"start":{"line":17,"column":35},"end":{"line":17,"column":36}},"loc":{"start":{"line":17,"column":41},"end":{"line":22,"column":5}},"line":17},"5":{"name":"(anonymous_5)","decl":{"start":{"line":29,"column":1},"end":{"line":29,"column":2}},"loc":{"start":{"line":29,"column":13},"end":{"line":65,"column":1}},"line":29},"6":{"name":"(anonymous_6)","decl":{"start":{"line":43,"column":23},"end":{"line":43,"column":24}},"loc":{"start":{"line":43,"column":35},"end":{"line":64,"column":5}},"line":43},"7":{"name":"ready","decl":{"start":{"line":70,"column":9},"end":{"line":70,"column":14}},"loc":{"start":{"line":70,"column":17},"end":{"line":72,"column":1}},"line":70},"8":{"name":"(anonymous_8)","decl":{"start":{"line":71,"column":15},"end":{"line":71,"column":16}},"loc":{"start":{"line":71,"column":22},"end":{"line":71,"column":49}},"line":71}},"branchMap":{"0":{"loc":{"start":{"line":49,"column":12},"end":{"line":53,"column":13}},"type":"if","locations":[{"start":{"line":49,"column":12},"end":{"line":53,"column":13}},{"start":{"line":49,"column":12},"end":{"line":53,"column":13}}],"line":49}},"s":{"0":1,"1":1,"2":1,"3":0,"4":1,"5":2,"6":1,"7":3,"8":0,"9":0,"10":1,"11":1,"12":1,"13":1,"14":1,"15":1,"16":1,"17":1,"18":1,"19":1,"20":1,"21":1,"22":1,"23":1,"24":1,"25":0,"26":0,"27":0,"28":0,"29":0,"30":0,"31":0,"32":0,"33":0,"34":0,"35":0,"36":1,"37":0,"38":0},"f":{"0":1,"1":0,"2":2,"3":3,"4":0,"5":1,"6":0,"7":0,"8":0},"b":{"0":[0,0]},"_coverageSchema":"1a1c01bbd47fc00a2c39e90264f33305004495a9","hash":"0357f128e0c923a42f97a8f18183adfbc5907bf5"}
,"C:\\Users\\legion\\Desktop\\LAB5\\src\\js\\service.js": {"path":"C:\\Users\\legion\\Desktop\\LAB5\\src\\js\\service.js","statementMap":{"0":{"start":{"line":2,"column":0},"end":{"line":8,"column":3}},"1":{"start":{"line":3,"column":4},"end":{"line":7,"column":7}},"2":{"start":{"line":4,"column":8},"end":{"line":4,"column":25}},"3":{"start":{"line":5,"column":30},"end":{"line":5,"column":72}},"4":{"start":{"line":6,"column":8},"end":{"line":6,"column":50}},"5":{"start":{"line":9,"column":0},"end":{"line":13,"column":7}},"6":{"start":{"line":12,"column":8},"end":{"line":12,"column":76}},"7":{"start":{"line":15,"column":0},"end":{"line":19,"column":7}},"8":{"start":{"line":18,"column":8},"end":{"line":18,"column":76}}},"fnMap":{"0":{"name":"(anonymous_0)","decl":{"start":{"line":2,"column":46},"end":{"line":2,"column":47}},"loc":{"start":{"line":2,"column":61},"end":{"line":8,"column":1}},"line":2},"1":{"name":"(anonymous_1)","decl":{"start":{"line":3,"column":34},"end":{"line":3,"column":35}},"loc":{"start":{"line":3,"column":46},"end":{"line":7,"column":5}},"line":3},"2":{"name":"(anonymous_2)","decl":{"start":{"line":11,"column":31},"end":{"line":11,"column":32}},"loc":{"start":{"line":11,"column":43},"end":{"line":13,"column":5}},"line":11},"3":{"name":"(anonymous_3)","decl":{"start":{"line":17,"column":31},"end":{"line":17,"column":32}},"loc":{"start":{"line":17,"column":43},"end":{"line":19,"column":5}},"line":17}},"branchMap":{},"s":{"0":1,"1":1,"2":1,"3":1,"4":1,"5":1,"6":1,"7":1,"8":1},"f":{"0":1,"1":1,"2":1,"3":1},"b":{},"_coverageSchema":"1a1c01bbd47fc00a2c39e90264f33305004495a9","hash":"631c2b76e74d5bd2aaeca0023b88fa8ede9b53a8"}
}
