TN:
SF:src\js\cart.js
FN:8,updateCart
FN:24,(anonymous_1)
FN:54,(anonymous_2)
FN:62,(anonymous_3)
FN:98,(anonymous_4)
FN:107,(anonymous_5)
FN:113,doTask
FN:123,setCart
FNF:8
FNH:7
FNDA:9,updateCart
FNDA:26,(anonymous_1)
FNDA:1,(anonymous_2)
FNDA:1,(anonymous_3)
FNDA:1,(anonymous_4)
FNDA:0,(anonymous_5)
FNDA:1,doTask
FNDA:11,setCart
DA:4,1
DA:10,9
DA:11,9
DA:13,9
DA:14,6
DA:15,6
DA:17,6
DA:19,6
DA:23,6
DA:24,26
DA:25,16
DA:29,16
DA:30,16
DA:32,5
DA:33,5
DA:36,5
DA:37,5
DA:40,6
DA:41,6
DA:44,16
DA:46,16
DA:47,16
DA:50,16
DA:52,16
DA:55,1
DA:58,1
DA:60,16
DA:63,1
DA:64,1
DA:67,16
DA:70,6
DA:71,6
DA:73,6
DA:79,6
DA:85,6
DA:92,3
DA:93,3
DA:98,1
DA:99,1
DA:100,1
DA:103,1
DA:107,0
DA:110,1
DA:114,1
DA:115,1
DA:116,1
DA:117,1
DA:118,1
DA:121,1
DA:124,11
LF:50
LH:49
BRDA:4,0,0,0
BRDA:4,0,1,1
BRDA:13,1,0,6
BRDA:13,1,1,3
BRDA:30,2,0,5
BRDA:30,2,1,5
BRDA:30,2,2,6
BRDA:55,3,0,1
BRDA:55,3,1,0
BRDA:99,4,0,1
BRDA:99,4,1,0
BRF:11
BRH:8
end_of_record
TN:
SF:src\js\order.js
FN:3,validateForm
FN:34,(anonymous_1)
FN:79,closeOrder
FN:83,showOrder
FN:87,showServerError
FN:91,hideServerError
FN:95,isEmpty
FNF:7
FNH:6
FNDA:6,validateForm
FNDA:0,(anonymous_1)
FNDA:1,closeOrder
FNDA:1,showOrder
FNDA:1,showServerError
FNDA:1,hideServerError
FNDA:21,isEmpty
DA:4,6
DA:5,6
DA:6,6
DA:7,6
DA:8,6
DA:9,6
DA:10,6
DA:11,1
DA:12,1
DA:13,5
DA:14,1
DA:15,1
DA:16,4
DA:17,1
DA:18,1
DA:19,3
DA:20,1
DA:21,1
DA:22,2
DA:26,1
DA:27,1
DA:29,1
DA:31,1
DA:32,1
DA:34,1
DA:35,0
DA:37,1
DA:46,1
DA:48,1
DA:49,1
DA:50,1
DA:51,1
DA:55,1
DA:58,1
DA:61,1
DA:64,1
DA:67,1
DA:70,1
DA:72,0
DA:73,0
DA:74,0
DA:75,0
DA:80,1
DA:84,1
DA:88,1
DA:92,1
DA:96,21
DA:99,1
DA:100,1
LF:49
LH:44
BRDA:10,0,0,1
BRDA:10,0,1,5
BRDA:13,1,0,1
BRDA:13,1,1,4
BRDA:16,2,0,1
BRDA:16,2,1,3
BRDA:19,3,0,1
BRDA:19,3,1,2
BRDA:22,4,0,1
BRDA:22,4,1,1
BRDA:96,5,0,21
BRDA:96,5,1,20
BRF:12
BRH:12
end_of_record
TN:
SF:src\js\script.js
FN:1,(anonymous_0)
FN:3,(anonymous_1)
FN:12,(anonymous_2)
FN:16,(anonymous_3)
FN:17,(anonymous_4)
FN:29,(anonymous_5)
FN:43,(anonymous_6)
FN:70,ready
FN:71,(anonymous_8)
FNF:9
FNH:4
FNDA:1,(anonymous_0)
FNDA:0,(anonymous_1)
FNDA:2,(anonymous_2)
FNDA:3,(anonymous_3)
FNDA:0,(anonymous_4)
FNDA:1,(anonymous_5)
FNDA:0,(anonymous_6)
FNDA:0,ready
FNDA:0,(anonymous_8)
DA:1,1
DA:2,1
DA:3,1
DA:4,0
DA:8,1
DA:13,2
DA:16,1
DA:17,3
DA:18,0
DA:21,0
DA:25,1
DA:26,1
DA:28,1
DA:29,1
DA:30,1
DA:31,1
DA:32,1
DA:33,1
DA:34,1
DA:35,1
DA:36,1
DA:37,1
DA:38,1
DA:39,1
DA:43,1
DA:44,0
DA:45,0
DA:46,0
DA:47,0
DA:48,0
DA:49,0
DA:50,0
DA:51,0
DA:52,0
DA:54,0
DA:62,0
DA:67,1
DA:71,0
LF:38
LH:23
BRDA:49,0,0,0
BRDA:49,0,1,0
BRF:2
BRH:0
end_of_record
TN:
SF:src\js\service.js
FN:2,(anonymous_0)
FN:3,(anonymous_1)
FN:11,(anonymous_2)
FN:17,(anonymous_3)
FNF:4
FNH:4
FNDA:1,(anonymous_0)
FNDA:1,(anonymous_1)
FNDA:1,(anonymous_2)
FNDA:1,(anonymous_3)
DA:2,1
DA:3,1
DA:4,1
DA:5,1
DA:6,1
DA:9,1
DA:12,1
DA:15,1
DA:18,1
LF:9
LH:9
BRF:0
BRH:0
end_of_record
